<?xml version="1.0" encoding="UTF-8"?>
<Site BuildName="Darwin-clang++"
	BuildStamp="20230925-0600-Experimental"
	Name="Erics-MacBook-Pro.local"
	Generator="ctest-3.27.5"
	CompilerName="/usr/bin/clang++"
	CompilerVersion="15.0.0.15000040"
	OSName="macOS"
	Hostname="Erics-MBP.attlocal.net"
	OSRelease="14.0"
	OSVersion="23A339"
	OSPlatform="arm64"
	Is64Bits="1"
	VendorString="IBM"
	VendorID="IBM"
	FamilyID="16777228"
	ModelID="2"
	ProcessorCacheSize="131072"
	NumberOfLogicalCPU="10"
	NumberOfPhysicalCPU="10"
	TotalVirtualMemory="0"
	TotalPhysicalMemory="16384"
	LogicalProcessorsPerPhysical="10"
	ProcessorClockFrequency="0"
	>
	<Testing>
		<StartDateTime>Sep 25 02:00 EDT</StartDateTime>
		<StartTestTime>1695621634</StartTestTime>
		<TestList/>
		<EndDateTime>Sep 25 02:00 EDT</EndDateTime>
		<EndTestTime>1695621634</EndTestTime>
		<ElapsedMinutes>0</ElapsedMinutes>
	</Testing>
</Site>
